<?xml version="1.0" encoding="UTF-8"?>
<coverage generated="1748272089587" clover="3.2.0">
  <project timestamp="1748272089587" name="All files">
    <metrics statements="7" coveredstatements="7" conditionals="0" coveredconditionals="0" methods="6" coveredmethods="6" elements="13" coveredelements="13" complexity="0" loc="7" ncloc="7" packages="1" files="1" classes="1"/>
    <file name="utils.ts" path="C:\Users\chris\OneDrive\Desktop\proyecto_aca\Proyecto_ACA\src\admin\routes\dashboard\utils.ts">
      <metrics statements="7" coveredstatements="7" conditionals="0" coveredconditionals="0" methods="6" coveredmethods="6"/>
      <line num="2" count="1" type="stmt"/>
      <line num="3" count="1" type="stmt"/>
      <line num="4" count="1" type="stmt"/>
      <line num="5" count="1" type="stmt"/>
      <line num="7" count="4" type="stmt"/>
      <line num="10" count="4" type="stmt"/>
      <line num="13" count="4" type="stmt"/>
    </file>
  </project>
</coverage>
