{"C:\\Users\\chris\\OneDrive\\Desktop\\proyecto_aca\\Proyecto_ACA\\src\\admin\\vite-env.d.ts": {"path":"C:\\Users\\chris\\OneDrive\\Desktop\\proyecto_aca\\Proyecto_ACA\\src\\admin\\vite-env.d.ts","statementMap":{},"fnMap":{},"branchMap":{},"s":{},"f":{},"b":{}}
,"C:\\Users\\chris\\OneDrive\\Desktop\\proyecto_aca\\Proyecto_ACA\\src\\admin\\routes\\dashboard\\utils.ts": {"path":"C:\\Users\\chris\\OneDrive\\Desktop\\proyecto_aca\\Proyecto_ACA\\src\\admin\\routes\\dashboard\\utils.ts","statementMap":{"0":{"start":{"line":2,"column":0},"end":{"line":2,"column":62}},"1":{"start":{"line":3,"column":0},"end":{"line":3,"column":44}},"2":{"start":{"line":4,"column":0},"end":{"line":4,"column":44}},"3":{"start":{"line":6,"column":4},"end":{"line":6,"column":57}},"4":{"start":{"line":6,"column":36},"end":{"line":6,"column":55}},"5":{"start":{"line":9,"column":4},"end":{"line":9,"column":71}},"6":{"start":{"line":9,"column":36},"end":{"line":9,"column":69}}},"fnMap":{"0":{"name":"SortByOrdersDesc","decl":{"start":{"line":5,"column":9},"end":{"line":5,"column":25}},"loc":{"start":{"line":5,"column":32},"end":{"line":7,"column":1}},"line":5},"1":{"name":"(anonymous_1)","decl":{"start":{"line":6,"column":26},"end":{"line":6,"column":27}},"loc":{"start":{"line":6,"column":36},"end":{"line":6,"column":55}},"line":6},"2":{"name":"SortProductsDesc","decl":{"start":{"line":8,"column":9},"end":{"line":8,"column":25}},"loc":{"start":{"line":8,"column":32},"end":{"line":10,"column":1}},"line":8},"3":{"name":"(anonymous_3)","decl":{"start":{"line":9,"column":26},"end":{"line":9,"column":27}},"loc":{"start":{"line":9,"column":36},"end":{"line":9,"column":69}},"line":9}},"branchMap":{},"s":{"0":1,"1":1,"2":1,"3":1,"4":4,"5":1,"6":4},"f":{"0":1,"1":4,"2":1,"3":4},"b":{},"_coverageSchema":"1a1c01bbd47fc00a2c39e90264f33305004495a9","hash":"c214af4a84438ab80aec273e5ea946537cb98165"}
,"C:\\Users\\chris\\OneDrive\\Desktop\\proyecto_aca\\Proyecto_ACA\\src\\api\\admin\\custom\\route.ts": {"path":"C:\\Users\\chris\\OneDrive\\Desktop\\proyecto_aca\\Proyecto_ACA\\src\\api\\admin\\custom\\route.ts","statementMap":{"0":{"start":{"line":2,"column":0},"end":{"line":2,"column":62}},"1":{"start":{"line":3,"column":0},"end":{"line":3,"column":18}},"2":{"start":{"line":5,"column":4},"end":{"line":5,"column":24}}},"fnMap":{"0":{"name":"GET","decl":{"start":{"line":4,"column":15},"end":{"line":4,"column":18}},"loc":{"start":{"line":4,"column":29},"end":{"line":6,"column":1}},"line":4}},"branchMap":{},"s":{"0":0,"1":0,"2":0},"f":{"0":0},"b":{}}
,"C:\\Users\\chris\\OneDrive\\Desktop\\proyecto_aca\\Proyecto_ACA\\src\\api\\routes\\client_order\\route.ts": {"path":"C:\\Users\\chris\\OneDrive\\Desktop\\proyecto_aca\\Proyecto_ACA\\src\\api\\routes\\client_order\\route.ts","statementMap":{"0":{"start":{"line":2,"column":0},"end":{"line":2,"column":62}},"1":{"start":{"line":3,"column":0},"end":{"line":3,"column":21}},"2":{"start":{"line":5,"column":12},"end":{"line":37,"column":1}},"3":{"start":{"line":6,"column":4},"end":{"line":36,"column":5}},"4":{"start":{"line":7,"column":35},"end":{"line":7,"column":61}},"5":{"start":{"line":8,"column":38},"end":{"line":8,"column":67}},"6":{"start":{"line":10,"column":25},"end":{"line":12,"column":10}},"7":{"start":{"line":14,"column":39},"end":{"line":14,"column":41}},"8":{"start":{"line":15,"column":8},"end":{"line":20,"column":9}},"9":{"start":{"line":16,"column":23},"end":{"line":16,"column":40}},"10":{"start":{"line":17,"column":12},"end":{"line":18,"column":25}},"11":{"start":{"line":18,"column":16},"end":{"line":18,"column":25}},"12":{"start":{"line":19,"column":12},"end":{"line":19,"column":79}},"13":{"start":{"line":22,"column":28},"end":{"line":22,"column":63}},"14":{"start":{"line":23,"column":28},"end":{"line":25,"column":10}},"15":{"start":{"line":27,"column":23},"end":{"line":30,"column":11}},"16":{"start":{"line":27,"column":45},"end":{"line":30,"column":9}},"17":{"start":{"line":31,"column":8},"end":{"line":31,"column":32}},"18":{"start":{"line":34,"column":8},"end":{"line":34,"column":27}},"19":{"start":{"line":35,"column":8},"end":{"line":35,"column":85}},"20":{"start":{"line":38,"column":0},"end":{"line":38,"column":18}}},"fnMap":{"0":{"name":"(anonymous_0)","decl":{"start":{"line":5,"column":12},"end":{"line":5,"column":13}},"loc":{"start":{"line":5,"column":32},"end":{"line":37,"column":1}},"line":5},"1":{"name":"(anonymous_1)","decl":{"start":{"line":27,"column":37},"end":{"line":27,"column":38}},"loc":{"start":{"line":27,"column":45},"end":{"line":30,"column":9}},"line":27}},"branchMap":{"0":{"loc":{"start":{"line":17,"column":12},"end":{"line":18,"column":25}},"type":"if","locations":[{"start":{"line":17,"column":12},"end":{"line":18,"column":25}},{"start":{},"end":{}}],"line":17},"1":{"loc":{"start":{"line":19,"column":42},"end":{"line":19,"column":73}},"type":"binary-expr","locations":[{"start":{"line":19,"column":42},"end":{"line":19,"column":68}},{"start":{"line":19,"column":72},"end":{"line":19,"column":73}}],"line":19},"2":{"loc":{"start":{"line":29,"column":20},"end":{"line":29,"column":53}},"type":"binary-expr","locations":[{"start":{"line":29,"column":20},"end":{"line":29,"column":48}},{"start":{"line":29,"column":52},"end":{"line":29,"column":53}}],"line":29}},"s":{"0":0,"1":0,"2":0,"3":0,"4":0,"5":0,"6":0,"7":0,"8":0,"9":0,"10":0,"11":0,"12":0,"13":0,"14":0,"15":0,"16":0,"17":0,"18":0,"19":0,"20":0},"f":{"0":0,"1":0},"b":{"0":[0,0],"1":[0,0],"2":[0,0]}}
,"C:\\Users\\chris\\OneDrive\\Desktop\\proyecto_aca\\Proyecto_ACA\\src\\api\\routes\\collection_product\\route.ts": {"path":"C:\\Users\\chris\\OneDrive\\Desktop\\proyecto_aca\\Proyecto_ACA\\src\\api\\routes\\collection_product\\route.ts","statementMap":{"0":{"start":{"line":2,"column":0},"end":{"line":2,"column":62}},"1":{"start":{"line":3,"column":0},"end":{"line":3,"column":21}},"2":{"start":{"line":4,"column":12},"end":{"line":28,"column":1}},"3":{"start":{"line":5,"column":4},"end":{"line":27,"column":5}},"4":{"start":{"line":6,"column":31},"end":{"line":6,"column":59}},"5":{"start":{"line":7,"column":25},"end":{"line":10,"column":10}},"6":{"start":{"line":12,"column":24},"end":{"line":16,"column":14}},"7":{"start":{"line":13,"column":25},"end":{"line":13,"column":69}},"8":{"start":{"line":14,"column":12},"end":{"line":14,"column":45}},"9":{"start":{"line":15,"column":12},"end":{"line":15,"column":23}},"10":{"start":{"line":18,"column":23},"end":{"line":21,"column":11}},"11":{"start":{"line":18,"column":90},"end":{"line":21,"column":9}},"12":{"start":{"line":22,"column":8},"end":{"line":22,"column":32}},"13":{"start":{"line":25,"column":8},"end":{"line":25,"column":29}},"14":{"start":{"line":26,"column":8},"end":{"line":26,"column":80}},"15":{"start":{"line":29,"column":0},"end":{"line":29,"column":18}}},"fnMap":{"0":{"name":"(anonymous_0)","decl":{"start":{"line":4,"column":12},"end":{"line":4,"column":13}},"loc":{"start":{"line":4,"column":32},"end":{"line":28,"column":1}},"line":4},"1":{"name":"(anonymous_1)","decl":{"start":{"line":12,"column":40},"end":{"line":12,"column":41}},"loc":{"start":{"line":12,"column":58},"end":{"line":16,"column":9}},"line":12},"2":{"name":"(anonymous_2)","decl":{"start":{"line":18,"column":51},"end":{"line":18,"column":52}},"loc":{"start":{"line":18,"column":90},"end":{"line":21,"column":9}},"line":18}},"branchMap":{"0":{"loc":{"start":{"line":13,"column":25},"end":{"line":13,"column":69}},"type":"binary-expr","locations":[{"start":{"line":13,"column":25},"end":{"line":13,"column":50}},{"start":{"line":13,"column":54},"end":{"line":13,"column":69}}],"line":13},"1":{"loc":{"start":{"line":14,"column":25},"end":{"line":14,"column":39}},"type":"binary-expr","locations":[{"start":{"line":14,"column":25},"end":{"line":14,"column":34}},{"start":{"line":14,"column":38},"end":{"line":14,"column":39}}],"line":14}},"s":{"0":0,"1":0,"2":0,"3":0,"4":0,"5":0,"6":0,"7":0,"8":0,"9":0,"10":0,"11":0,"12":0,"13":0,"14":0,"15":0},"f":{"0":0,"1":0,"2":0},"b":{"0":[0,0],"1":[0,0]}}
,"C:\\Users\\chris\\OneDrive\\Desktop\\proyecto_aca\\Proyecto_ACA\\src\\api\\routes\\products_info\\route.ts": {"path":"C:\\Users\\chris\\OneDrive\\Desktop\\proyecto_aca\\Proyecto_ACA\\src\\api\\routes\\products_info\\route.ts","statementMap":{"0":{"start":{"line":2,"column":0},"end":{"line":2,"column":62}},"1":{"start":{"line":3,"column":0},"end":{"line":3,"column":21}},"2":{"start":{"line":4,"column":12},"end":{"line":27,"column":1}},"3":{"start":{"line":5,"column":4},"end":{"line":26,"column":5}},"4":{"start":{"line":6,"column":31},"end":{"line":6,"column":59}},"5":{"start":{"line":7,"column":34},"end":{"line":17,"column":10}},"6":{"start":{"line":18,"column":8},"end":{"line":21,"column":11}},"7":{"start":{"line":24,"column":8},"end":{"line":24,"column":29}},"8":{"start":{"line":25,"column":8},"end":{"line":25,"column":80}},"9":{"start":{"line":28,"column":0},"end":{"line":28,"column":18}}},"fnMap":{"0":{"name":"(anonymous_0)","decl":{"start":{"line":4,"column":12},"end":{"line":4,"column":13}},"loc":{"start":{"line":4,"column":32},"end":{"line":27,"column":1}},"line":4}},"branchMap":{},"s":{"0":0,"1":0,"2":0,"3":0,"4":0,"5":0,"6":0,"7":0,"8":0,"9":0},"f":{"0":0},"b":{}}
,"C:\\Users\\chris\\OneDrive\\Desktop\\proyecto_aca\\Proyecto_ACA\\src\\api\\store\\custom\\route.ts": {"path":"C:\\Users\\chris\\OneDrive\\Desktop\\proyecto_aca\\Proyecto_ACA\\src\\api\\store\\custom\\route.ts","statementMap":{"0":{"start":{"line":2,"column":0},"end":{"line":2,"column":62}},"1":{"start":{"line":3,"column":0},"end":{"line":3,"column":18}},"2":{"start":{"line":5,"column":4},"end":{"line":5,"column":24}}},"fnMap":{"0":{"name":"GET","decl":{"start":{"line":4,"column":15},"end":{"line":4,"column":18}},"loc":{"start":{"line":4,"column":29},"end":{"line":6,"column":1}},"line":4}},"branchMap":{},"s":{"0":0,"1":0,"2":0},"f":{"0":0},"b":{}}
,"C:\\Users\\chris\\OneDrive\\Desktop\\proyecto_aca\\Proyecto_ACA\\src\\scripts\\seed.ts": {"path":"C:\\Users\\chris\\OneDrive\\Desktop\\proyecto_aca\\Proyecto_ACA\\src\\scripts\\seed.ts","statementMap":{"0":{"start":{"line":2,"column":0},"end":{"line":2,"column":62}},"1":{"start":{"line":3,"column":0},"end":{"line":3,"column":31}},"2":{"start":{"line":4,"column":16},"end":{"line":4,"column":52}},"3":{"start":{"line":5,"column":21},"end":{"line":5,"column":59}},"4":{"start":{"line":7,"column":19},"end":{"line":7,"column":78}},"5":{"start":{"line":8,"column":17},"end":{"line":8,"column":74}},"6":{"start":{"line":9,"column":18},"end":{"line":9,"column":76}},"7":{"start":{"line":10,"column":37},"end":{"line":10,"column":83}},"8":{"start":{"line":11,"column":38},"end":{"line":11,"column":86}},"9":{"start":{"line":12,"column":31},"end":{"line":12,"column":71}},"10":{"start":{"line":13,"column":22},"end":{"line":13,"column":64}},"11":{"start":{"line":14,"column":4},"end":{"line":14,"column":41}},"12":{"start":{"line":15,"column":20},"end":{"line":15,"column":57}},"13":{"start":{"line":16,"column":30},"end":{"line":18,"column":6}},"14":{"start":{"line":19,"column":4},"end":{"line":31,"column":5}},"15":{"start":{"line":21,"column":47},"end":{"line":29,"column":10}},"16":{"start":{"line":30,"column":8},"end":{"line":30,"column":49}},"17":{"start":{"line":32,"column":4},"end":{"line":48,"column":7}},"18":{"start":{"line":49,"column":4},"end":{"line":49,"column":42}},"19":{"start":{"line":50,"column":37},"end":{"line":61,"column":6}},"20":{"start":{"line":62,"column":19},"end":{"line":62,"column":34}},"21":{"start":{"line":63,"column":4},"end":{"line":63,"column":45}},"22":{"start":{"line":64,"column":4},"end":{"line":64,"column":42}},"23":{"start":{"line":65,"column":4},"end":{"line":70,"column":7}},"24":{"start":{"line":66,"column":48},"end":{"line":69,"column":9}},"25":{"start":{"line":71,"column":4},"end":{"line":71,"column":49}},"26":{"start":{"line":72,"column":4},"end":{"line":72,"column":50}},"27":{"start":{"line":73,"column":44},"end":{"line":86,"column":6}},"28":{"start":{"line":87,"column":26},"end":{"line":87,"column":48}},"29":{"start":{"line":88,"column":4},"end":{"line":95,"column":7}},"30":{"start":{"line":96,"column":4},"end":{"line":96,"column":47}},"31":{"start":{"line":97,"column":29},"end":{"line":99,"column":6}},"32":{"start":{"line":100,"column":26},"end":{"line":100,"column":78}},"33":{"start":{"line":101,"column":4},"end":{"line":113,"column":5}},"34":{"start":{"line":102,"column":50},"end":{"line":111,"column":10}},"35":{"start":{"line":112,"column":8},"end":{"line":112,"column":51}},"36":{"start":{"line":114,"column":27},"end":{"line":152,"column":6}},"37":{"start":{"line":153,"column":4},"end":{"line":160,"column":7}},"38":{"start":{"line":161,"column":4},"end":{"line":240,"column":7}},"39":{"start":{"line":241,"column":4},"end":{"line":241,"column":54}},"40":{"start":{"line":242,"column":4},"end":{"line":247,"column":7}},"41":{"start":{"line":248,"column":4},"end":{"line":248,"column":57}},"42":{"start":{"line":249,"column":4},"end":{"line":249,"column":55}},"43":{"start":{"line":250,"column":48},"end":{"line":260,"column":6}},"44":{"start":{"line":261,"column":30},"end":{"line":261,"column":56}},"45":{"start":{"line":262,"column":4},"end":{"line":267,"column":7}},"46":{"start":{"line":268,"column":4},"end":{"line":268,"column":62}},"47":{"start":{"line":269,"column":4},"end":{"line":269,"column":43}},"48":{"start":{"line":270,"column":39},"end":{"line":291,"column":6}},"49":{"start":{"line":292,"column":4},"end":{"line":783,"column":7}},"50":{"start":{"line":298,"column":53},"end":{"line":298,"column":74}},"51":{"start":{"line":484,"column":53},"end":{"line":484,"column":79}},"52":{"start":{"line":584,"column":53},"end":{"line":584,"column":73}},"53":{"start":{"line":684,"column":53},"end":{"line":684,"column":73}},"54":{"start":{"line":784,"column":4},"end":{"line":784,"column":50}},"55":{"start":{"line":785,"column":4},"end":{"line":785,"column":45}},"56":{"start":{"line":786,"column":37},"end":{"line":789,"column":6}},"57":{"start":{"line":790,"column":28},"end":{"line":790,"column":30}},"58":{"start":{"line":791,"column":4},"end":{"line":798,"column":5}},"59":{"start":{"line":792,"column":31},"end":{"line":796,"column":9}},"60":{"start":{"line":797,"column":8},"end":{"line":797,"column":45}},"61":{"start":{"line":799,"column":4},"end":{"line":803,"column":7}},"62":{"start":{"line":804,"column":4},"end":{"line":804,"column":59}}},"fnMap":{"0":{"name":"seedDemoData","decl":{"start":{"line":6,"column":15},"end":{"line":6,"column":27}},"loc":{"start":{"line":6,"column":43},"end":{"line":805,"column":1}},"line":6},"1":{"name":"(anonymous_1)","decl":{"start":{"line":66,"column":29},"end":{"line":66,"column":30}},"loc":{"start":{"line":66,"column":48},"end":{"line":69,"column":9}},"line":66},"2":{"name":"(anonymous_2)","decl":{"start":{"line":298,"column":44},"end":{"line":298,"column":45}},"loc":{"start":{"line":298,"column":53},"end":{"line":298,"column":74}},"line":298},"3":{"name":"(anonymous_3)","decl":{"start":{"line":484,"column":44},"end":{"line":484,"column":45}},"loc":{"start":{"line":484,"column":53},"end":{"line":484,"column":79}},"line":484},"4":{"name":"(anonymous_4)","decl":{"start":{"line":584,"column":44},"end":{"line":584,"column":45}},"loc":{"start":{"line":584,"column":53},"end":{"line":584,"column":73}},"line":584},"5":{"name":"(anonymous_5)","decl":{"start":{"line":684,"column":44},"end":{"line":684,"column":45}},"loc":{"start":{"line":684,"column":53},"end":{"line":684,"column":73}},"line":684}},"branchMap":{"0":{"loc":{"start":{"line":19,"column":4},"end":{"line":31,"column":5}},"type":"if","locations":[{"start":{"line":19,"column":4},"end":{"line":31,"column":5}},{"start":{},"end":{}}],"line":19},"1":{"loc":{"start":{"line":100,"column":26},"end":{"line":100,"column":78}},"type":"cond-expr","locations":[{"start":{"line":100,"column":52},"end":{"line":100,"column":71}},{"start":{"line":100,"column":74},"end":{"line":100,"column":78}}],"line":100},"2":{"loc":{"start":{"line":101,"column":4},"end":{"line":113,"column":5}},"type":"if","locations":[{"start":{"line":101,"column":4},"end":{"line":113,"column":5}},{"start":{},"end":{}}],"line":101}},"s":{"0":0,"1":0,"2":0,"3":0,"4":0,"5":0,"6":0,"7":0,"8":0,"9":0,"10":0,"11":0,"12":0,"13":0,"14":0,"15":0,"16":0,"17":0,"18":0,"19":0,"20":0,"21":0,"22":0,"23":0,"24":0,"25":0,"26":0,"27":0,"28":0,"29":0,"30":0,"31":0,"32":0,"33":0,"34":0,"35":0,"36":0,"37":0,"38":0,"39":0,"40":0,"41":0,"42":0,"43":0,"44":0,"45":0,"46":0,"47":0,"48":0,"49":0,"50":0,"51":0,"52":0,"53":0,"54":0,"55":0,"56":0,"57":0,"58":0,"59":0,"60":0,"61":0,"62":0},"f":{"0":0,"1":0,"2":0,"3":0,"4":0,"5":0},"b":{"0":[0,0],"1":[0,0],"2":[0,0]}}
}
