{"C:\\Users\\chris\\OneDrive\\Desktop\\proyecto_aca\\Proyecto_ACA\\src\\admin\\routes\\dashboard\\utils.ts": {"path":"C:\\Users\\chris\\OneDrive\\Desktop\\proyecto_aca\\Proyecto_ACA\\src\\admin\\routes\\dashboard\\utils.ts","statementMap":{"0":{"start":{"line":2,"column":0},"end":{"line":2,"column":62}},"1":{"start":{"line":3,"column":0},"end":{"line":3,"column":44}},"2":{"start":{"line":4,"column":0},"end":{"line":4,"column":44}},"3":{"start":{"line":5,"column":0},"end":{"line":5,"column":56}},"4":{"start":{"line":7,"column":4},"end":{"line":7,"column":57}},"5":{"start":{"line":7,"column":36},"end":{"line":7,"column":55}},"6":{"start":{"line":10,"column":4},"end":{"line":10,"column":71}},"7":{"start":{"line":10,"column":36},"end":{"line":10,"column":69}},"8":{"start":{"line":13,"column":4},"end":{"line":13,"column":55}},"9":{"start":{"line":13,"column":35},"end":{"line":13,"column":53}}},"fnMap":{"0":{"name":"SortByOrdersDesc","decl":{"start":{"line":6,"column":9},"end":{"line":6,"column":25}},"loc":{"start":{"line":6,"column":32},"end":{"line":8,"column":1}},"line":6},"1":{"name":"(anonymous_1)","decl":{"start":{"line":7,"column":26},"end":{"line":7,"column":27}},"loc":{"start":{"line":7,"column":36},"end":{"line":7,"column":55}},"line":7},"2":{"name":"SortProductsDesc","decl":{"start":{"line":9,"column":9},"end":{"line":9,"column":25}},"loc":{"start":{"line":9,"column":32},"end":{"line":11,"column":1}},"line":9},"3":{"name":"(anonymous_3)","decl":{"start":{"line":10,"column":26},"end":{"line":10,"column":27}},"loc":{"start":{"line":10,"column":36},"end":{"line":10,"column":69}},"line":10},"4":{"name":"FilterByRegionOrders10","decl":{"start":{"line":12,"column":9},"end":{"line":12,"column":31}},"loc":{"start":{"line":12,"column":38},"end":{"line":14,"column":1}},"line":12},"5":{"name":"(anonymous_5)","decl":{"start":{"line":13,"column":28},"end":{"line":13,"column":29}},"loc":{"start":{"line":13,"column":35},"end":{"line":13,"column":53}},"line":13}},"branchMap":{},"s":{"0":1,"1":1,"2":1,"3":1,"4":1,"5":4,"6":1,"7":4,"8":1,"9":4},"f":{"0":1,"1":4,"2":1,"3":4,"4":1,"5":4},"b":{},"_coverageSchema":"1a1c01bbd47fc00a2c39e90264f33305004495a9","hash":"cb36bd002444d9829a1d0e4c15c17af77e70b0cf"}
}
