TN:
SF:src\admin\vite-env.d.ts
FNF:0
FNH:0
LF:0
LH:0
BRF:0
BRH:0
end_of_record
TN:
SF:src\admin\routes\dashboard\utils.ts
FN:5,SortByOrdersDesc
FN:6,(anonymous_1)
FN:8,SortProductsDesc
FN:9,(anonymous_3)
FNF:4
FNH:4
FNDA:1,SortByOrdersDesc
FNDA:4,(anonymous_1)
FNDA:1,SortProductsDesc
FNDA:4,(anonymous_3)
DA:2,1
DA:3,1
DA:4,1
DA:6,4
DA:9,4
LF:5
LH:5
BRF:0
BRH:0
end_of_record
TN:
SF:src\api\admin\custom\route.ts
FN:4,GET
FNF:1
FNH:0
FNDA:0,GET
DA:2,0
DA:3,0
DA:5,0
LF:3
LH:0
BRF:0
BRH:0
end_of_record
TN:
SF:src\api\routes\client_order\route.ts
FN:5,(anonymous_0)
FN:27,(anonymous_1)
FNF:2
FNH:0
FNDA:0,(anonymous_0)
FNDA:0,(anonymous_1)
DA:2,0
DA:3,0
DA:5,0
DA:6,0
DA:7,0
DA:8,0
DA:10,0
DA:14,0
DA:15,0
DA:16,0
DA:17,0
DA:18,0
DA:19,0
DA:22,0
DA:23,0
DA:27,0
DA:31,0
DA:34,0
DA:35,0
DA:38,0
LF:20
LH:0
BRDA:17,0,0,0
BRDA:17,0,1,0
BRDA:19,1,0,0
BRDA:19,1,1,0
BRDA:29,2,0,0
BRDA:29,2,1,0
BRF:6
BRH:0
end_of_record
TN:
SF:src\api\routes\collection_product\route.ts
FN:4,(anonymous_0)
FN:12,(anonymous_1)
FN:18,(anonymous_2)
FNF:3
FNH:0
FNDA:0,(anonymous_0)
FNDA:0,(anonymous_1)
FNDA:0,(anonymous_2)
DA:2,0
DA:3,0
DA:4,0
DA:5,0
DA:6,0
DA:7,0
DA:12,0
DA:13,0
DA:14,0
DA:15,0
DA:18,0
DA:22,0
DA:25,0
DA:26,0
DA:29,0
LF:15
LH:0
BRDA:13,0,0,0
BRDA:13,0,1,0
BRDA:14,1,0,0
BRDA:14,1,1,0
BRF:4
BRH:0
end_of_record
TN:
SF:src\api\routes\products_info\route.ts
FN:4,(anonymous_0)
FNF:1
FNH:0
FNDA:0,(anonymous_0)
DA:2,0
DA:3,0
DA:4,0
DA:5,0
DA:6,0
DA:7,0
DA:18,0
DA:24,0
DA:25,0
DA:28,0
LF:10
LH:0
BRF:0
BRH:0
end_of_record
TN:
SF:src\api\store\custom\route.ts
FN:4,GET
FNF:1
FNH:0
FNDA:0,GET
DA:2,0
DA:3,0
DA:5,0
LF:3
LH:0
BRF:0
BRH:0
end_of_record
TN:
SF:src\scripts\seed.ts
FN:6,seedDemoData
FN:66,(anonymous_1)
FN:298,(anonymous_2)
FN:484,(anonymous_3)
FN:584,(anonymous_4)
FN:684,(anonymous_5)
FNF:6
FNH:0
FNDA:0,seedDemoData
FNDA:0,(anonymous_1)
FNDA:0,(anonymous_2)
FNDA:0,(anonymous_3)
FNDA:0,(anonymous_4)
FNDA:0,(anonymous_5)
DA:2,0
DA:3,0
DA:4,0
DA:5,0
DA:7,0
DA:8,0
DA:9,0
DA:10,0
DA:11,0
DA:12,0
DA:13,0
DA:14,0
DA:15,0
DA:16,0
DA:19,0
DA:21,0
DA:30,0
DA:32,0
DA:49,0
DA:50,0
DA:62,0
DA:63,0
DA:64,0
DA:65,0
DA:66,0
DA:71,0
DA:72,0
DA:73,0
DA:87,0
DA:88,0
DA:96,0
DA:97,0
DA:100,0
DA:101,0
DA:102,0
DA:112,0
DA:114,0
DA:153,0
DA:161,0
DA:241,0
DA:242,0
DA:248,0
DA:249,0
DA:250,0
DA:261,0
DA:262,0
DA:268,0
DA:269,0
DA:270,0
DA:292,0
DA:298,0
DA:484,0
DA:584,0
DA:684,0
DA:784,0
DA:785,0
DA:786,0
DA:790,0
DA:791,0
DA:792,0
DA:797,0
DA:799,0
DA:804,0
LF:63
LH:0
BRDA:19,0,0,0
BRDA:19,0,1,0
BRDA:100,1,0,0
BRDA:100,1,1,0
BRDA:101,2,0,0
BRDA:101,2,1,0
BRF:6
BRH:0
end_of_record
